0 info it worked if it ends with ok
1 verbose cli [ 'node',
1 verbose cli   '/usr/local/bin/npm',
1 verbose cli   'install',
1 verbose cli   '-g',
1 verbose cli   'sky-tumblr-export' ]
2 info using npm@1.3.8
3 info using node@v0.10.16
4 verbose cache add [ 'sky-tumblr-export', null ]
5 verbose cache add name=undefined spec="sky-tumblr-export" args=["sky-tumblr-export",null]
6 verbose parsed url { protocol: null,
6 verbose parsed url   slashes: null,
6 verbose parsed url   auth: null,
6 verbose parsed url   host: null,
6 verbose parsed url   port: null,
6 verbose parsed url   hostname: null,
6 verbose parsed url   hash: null,
6 verbose parsed url   search: null,
6 verbose parsed url   query: null,
6 verbose parsed url   pathname: 'sky-tumblr-export',
6 verbose parsed url   path: 'sky-tumblr-export',
6 verbose parsed url   href: 'sky-tumblr-export' }
7 silly lockFile cb772c92-sky-tumblr-export sky-tumblr-export
8 verbose lock sky-tumblr-export /Users/Jacob/.npm/cb772c92-sky-tumblr-export.lock
9 silly lockFile cb772c92-sky-tumblr-export sky-tumblr-export
10 silly lockFile cb772c92-sky-tumblr-export sky-tumblr-export
11 verbose addNamed [ 'sky-tumblr-export', '' ]
12 verbose addNamed [ null, '*' ]
13 silly lockFile 21e20529-sky-tumblr-export sky-tumblr-export@
14 verbose lock sky-tumblr-export@ /Users/Jacob/.npm/21e20529-sky-tumblr-export.lock
15 silly addNameRange { name: 'sky-tumblr-export', range: '*', hasData: false }
16 verbose url raw sky-tumblr-export
17 verbose url resolving [ 'https://registry.npmjs.org/', './sky-tumblr-export' ]
18 verbose url resolved https://registry.npmjs.org/sky-tumblr-export
19 info trying registry request attempt 1 at 13:07:35
20 http GET https://registry.npmjs.org/sky-tumblr-export
21 http 200 https://registry.npmjs.org/sky-tumblr-export
22 silly registry.get cb [ 200,
22 silly registry.get   { vary: 'Accept',
22 silly registry.get     server: 'CouchDB/1.5.0 (Erlang OTP/R15B03)',
22 silly registry.get     etag: '"BLCI2ALZ36HE7U4P5FIVVZGZE"',
22 silly registry.get     date: 'Tue, 10 Dec 2013 19:07:36 GMT',
22 silly registry.get     'content-type': 'application/json',
22 silly registry.get     'content-length': '65464' } ]
23 silly addNameRange number 2 { name: 'sky-tumblr-export', range: '*', hasData: true }
24 silly addNameRange versions [ 'sky-tumblr-export', [ '0.0.1', '0.1.0', '0.2.0' ] ]
25 verbose addNamed [ 'sky-tumblr-export', '0.2.0' ]
26 verbose addNamed [ '0.2.0', '0.2.0' ]
27 silly lockFile bd081f72-sky-tumblr-export-0-2-0 sky-tumblr-export@0.2.0
28 verbose lock sky-tumblr-export@0.2.0 /Users/Jacob/.npm/bd081f72-sky-tumblr-export-0-2-0.lock
29 silly lockFile eb807c5b-port-sky-tumblr-export-0-2-0-tgz https://registry.npmjs.org/sky-tumblr-export/-/sky-tumblr-export-0.2.0.tgz
30 verbose lock https://registry.npmjs.org/sky-tumblr-export/-/sky-tumblr-export-0.2.0.tgz /Users/Jacob/.npm/eb807c5b-port-sky-tumblr-export-0-2-0-tgz.lock
31 verbose addRemoteTarball [ 'https://registry.npmjs.org/sky-tumblr-export/-/sky-tumblr-export-0.2.0.tgz',
31 verbose addRemoteTarball   '1db3dc817df21adb41d7dacaba96d9070064c5d1' ]
32 info retry fetch attempt 1 at 13:07:37
33 verbose fetch to= /var/folders/2m/xkmgh8nn7fndwdnccrlyznd80000gn/T/npm-5653-9nprGbTo/1386702457031-0.8288114431779832/tmp.tgz
34 http GET https://registry.npmjs.org/sky-tumblr-export/-/sky-tumblr-export-0.2.0.tgz
35 http 200 https://registry.npmjs.org/sky-tumblr-export/-/sky-tumblr-export-0.2.0.tgz
36 verbose tar unpack /var/folders/2m/xkmgh8nn7fndwdnccrlyznd80000gn/T/npm-5653-9nprGbTo/1386702457031-0.8288114431779832/tmp.tgz
37 silly lockFile 37d93e9f-57031-0-8288114431779832-package tar:///var/folders/2m/xkmgh8nn7fndwdnccrlyznd80000gn/T/npm-5653-9nprGbTo/1386702457031-0.8288114431779832/package
38 verbose lock tar:///var/folders/2m/xkmgh8nn7fndwdnccrlyznd80000gn/T/npm-5653-9nprGbTo/1386702457031-0.8288114431779832/package /Users/Jacob/.npm/37d93e9f-57031-0-8288114431779832-package.lock
39 silly lockFile a0313bc4-57031-0-8288114431779832-tmp-tgz tar:///var/folders/2m/xkmgh8nn7fndwdnccrlyznd80000gn/T/npm-5653-9nprGbTo/1386702457031-0.8288114431779832/tmp.tgz
40 verbose lock tar:///var/folders/2m/xkmgh8nn7fndwdnccrlyznd80000gn/T/npm-5653-9nprGbTo/1386702457031-0.8288114431779832/tmp.tgz /Users/Jacob/.npm/a0313bc4-57031-0-8288114431779832-tmp-tgz.lock
41 silly gunzTarPerm modes [ '755', '644' ]
42 silly gunzTarPerm extractEntry package.json
43 silly gunzTarPerm extractEntry .npmignore
44 silly gunzTarPerm extractEntry README.md
45 silly gunzTarPerm extractEntry LICENSE
46 silly gunzTarPerm extractEntry CHANGELOG.md
47 silly gunzTarPerm extractEntry bin/sky-tumblr-export
48 silly gunzTarPerm extractEntry test/sky-tumblr-export.test.js
49 silly gunzTarPerm extractEntry test/mocha.opts
50 silly gunzTarPerm extractEntry test/resources/.gitkeep
51 silly lockFile 37d93e9f-57031-0-8288114431779832-package tar:///var/folders/2m/xkmgh8nn7fndwdnccrlyznd80000gn/T/npm-5653-9nprGbTo/1386702457031-0.8288114431779832/package
52 silly lockFile 37d93e9f-57031-0-8288114431779832-package tar:///var/folders/2m/xkmgh8nn7fndwdnccrlyznd80000gn/T/npm-5653-9nprGbTo/1386702457031-0.8288114431779832/package
53 silly lockFile a0313bc4-57031-0-8288114431779832-tmp-tgz tar:///var/folders/2m/xkmgh8nn7fndwdnccrlyznd80000gn/T/npm-5653-9nprGbTo/1386702457031-0.8288114431779832/tmp.tgz
54 silly lockFile a0313bc4-57031-0-8288114431779832-tmp-tgz tar:///var/folders/2m/xkmgh8nn7fndwdnccrlyznd80000gn/T/npm-5653-9nprGbTo/1386702457031-0.8288114431779832/tmp.tgz
55 verbose tar pack [ '/Users/Jacob/.npm/sky-tumblr-export/0.2.0/package.tgz',
55 verbose tar pack   '/var/folders/2m/xkmgh8nn7fndwdnccrlyznd80000gn/T/npm-5653-9nprGbTo/1386702457031-0.8288114431779832/package' ]
56 verbose tarball /Users/Jacob/.npm/sky-tumblr-export/0.2.0/package.tgz
57 verbose folder /var/folders/2m/xkmgh8nn7fndwdnccrlyznd80000gn/T/npm-5653-9nprGbTo/1386702457031-0.8288114431779832/package
58 silly lockFile 37d93e9f-57031-0-8288114431779832-package tar:///var/folders/2m/xkmgh8nn7fndwdnccrlyznd80000gn/T/npm-5653-9nprGbTo/1386702457031-0.8288114431779832/package
59 verbose lock tar:///var/folders/2m/xkmgh8nn7fndwdnccrlyznd80000gn/T/npm-5653-9nprGbTo/1386702457031-0.8288114431779832/package /Users/Jacob/.npm/37d93e9f-57031-0-8288114431779832-package.lock
60 silly lockFile d4ab6e68--tumblr-export-0-2-0-package-tgz tar:///Users/Jacob/.npm/sky-tumblr-export/0.2.0/package.tgz
61 verbose lock tar:///Users/Jacob/.npm/sky-tumblr-export/0.2.0/package.tgz /Users/Jacob/.npm/d4ab6e68--tumblr-export-0-2-0-package-tgz.lock
62 silly lockFile 37d93e9f-57031-0-8288114431779832-package tar:///var/folders/2m/xkmgh8nn7fndwdnccrlyznd80000gn/T/npm-5653-9nprGbTo/1386702457031-0.8288114431779832/package
63 silly lockFile 37d93e9f-57031-0-8288114431779832-package tar:///var/folders/2m/xkmgh8nn7fndwdnccrlyznd80000gn/T/npm-5653-9nprGbTo/1386702457031-0.8288114431779832/package
64 silly lockFile d4ab6e68--tumblr-export-0-2-0-package-tgz tar:///Users/Jacob/.npm/sky-tumblr-export/0.2.0/package.tgz
65 silly lockFile d4ab6e68--tumblr-export-0-2-0-package-tgz tar:///Users/Jacob/.npm/sky-tumblr-export/0.2.0/package.tgz
66 silly lockFile cf36edf0--sky-tumblr-export-0-2-0-package /Users/Jacob/.npm/sky-tumblr-export/0.2.0/package
67 verbose lock /Users/Jacob/.npm/sky-tumblr-export/0.2.0/package /Users/Jacob/.npm/cf36edf0--sky-tumblr-export-0-2-0-package.lock
68 silly lockFile cf36edf0--sky-tumblr-export-0-2-0-package /Users/Jacob/.npm/sky-tumblr-export/0.2.0/package
69 silly lockFile cf36edf0--sky-tumblr-export-0-2-0-package /Users/Jacob/.npm/sky-tumblr-export/0.2.0/package
70 verbose tar unpack /Users/Jacob/.npm/sky-tumblr-export/0.2.0/package.tgz
71 silly lockFile d9c0698c--sky-tumblr-export-0-2-0-package tar:///Users/Jacob/.npm/sky-tumblr-export/0.2.0/package
72 verbose lock tar:///Users/Jacob/.npm/sky-tumblr-export/0.2.0/package /Users/Jacob/.npm/d9c0698c--sky-tumblr-export-0-2-0-package.lock
73 silly lockFile d4ab6e68--tumblr-export-0-2-0-package-tgz tar:///Users/Jacob/.npm/sky-tumblr-export/0.2.0/package.tgz
74 verbose lock tar:///Users/Jacob/.npm/sky-tumblr-export/0.2.0/package.tgz /Users/Jacob/.npm/d4ab6e68--tumblr-export-0-2-0-package-tgz.lock
75 silly gunzTarPerm modes [ '755', '644' ]
76 silly gunzTarPerm extractEntry package.json
77 silly gunzTarPerm extractEntry .npmignore
78 silly gunzTarPerm extractEntry README.md
79 silly gunzTarPerm extractEntry LICENSE
80 silly gunzTarPerm extractEntry CHANGELOG.md
81 silly gunzTarPerm extractEntry bin/sky-tumblr-export
82 silly gunzTarPerm extractEntry test/sky-tumblr-export.test.js
83 silly gunzTarPerm extractEntry test/mocha.opts
84 silly gunzTarPerm extractEntry test/resources/.gitkeep
85 silly lockFile d9c0698c--sky-tumblr-export-0-2-0-package tar:///Users/Jacob/.npm/sky-tumblr-export/0.2.0/package
86 silly lockFile d9c0698c--sky-tumblr-export-0-2-0-package tar:///Users/Jacob/.npm/sky-tumblr-export/0.2.0/package
87 silly lockFile d4ab6e68--tumblr-export-0-2-0-package-tgz tar:///Users/Jacob/.npm/sky-tumblr-export/0.2.0/package.tgz
88 silly lockFile d4ab6e68--tumblr-export-0-2-0-package-tgz tar:///Users/Jacob/.npm/sky-tumblr-export/0.2.0/package.tgz
89 verbose chmod /Users/Jacob/.npm/sky-tumblr-export/0.2.0/package.tgz 644
90 verbose chown /Users/Jacob/.npm/sky-tumblr-export/0.2.0/package.tgz [ 501, 20 ]
91 silly lockFile eb807c5b-port-sky-tumblr-export-0-2-0-tgz https://registry.npmjs.org/sky-tumblr-export/-/sky-tumblr-export-0.2.0.tgz
92 silly lockFile eb807c5b-port-sky-tumblr-export-0-2-0-tgz https://registry.npmjs.org/sky-tumblr-export/-/sky-tumblr-export-0.2.0.tgz
93 silly lockFile bd081f72-sky-tumblr-export-0-2-0 sky-tumblr-export@0.2.0
94 silly lockFile bd081f72-sky-tumblr-export-0-2-0 sky-tumblr-export@0.2.0
95 silly lockFile 21e20529-sky-tumblr-export sky-tumblr-export@
96 silly lockFile 21e20529-sky-tumblr-export sky-tumblr-export@
97 silly resolved [ { name: 'sky-tumblr-export',
97 silly resolved     version: '0.2.0',
97 silly resolved     description: 'Export your Tumblr blog into Markdown.',
97 silly resolved     homepage: 'https://github.com/skywrite/sky-tumblr-export',
97 silly resolved     repository:
97 silly resolved      { type: 'git',
97 silly resolved        url: 'git@github.com:skywrite/sky-tumblr-export.git' },
97 silly resolved     keywords: [ 'tumblr', 'markdown', 'export', 'dump', 'sky', 'blog', 'static' ],
97 silly resolved     author: { name: 'JP Richardson', email: 'jprichardson@gmail.com' },
97 silly resolved     licenses: [ [Object] ],
97 silly resolved     dependencies:
97 silly resolved      { commander: '~1.1.1',
97 silly resolved        pdc: '~0.1.1',
97 silly resolved        request: '~2.14.0',
97 silly resolved        colors: '~0.6.0-1',
97 silly resolved        string: '~1.5.1',
97 silly resolved        'fs-extra': '~0.6.3',
97 silly resolved        cl: '0.0.1',
97 silly resolved        batchflow: '~0.4.0',
97 silly resolved        'markdown-page': '~0.2.1' },
97 silly resolved     devDependencies: {},
97 silly resolved     scripts: { test: 'mocha test' },
97 silly resolved     bin: { 'sky-tumblr-export': './bin/sky-tumblr-export' },
97 silly resolved     preferGlobal: true,
97 silly resolved     readme: 'Node.js - sky-tumblr-export\n================\n\nExport your Tumblr blog to Markdown.\n\n\nWhy?\n----\n\nI\'m tired of using Tumblr. Well, actually I haven\'t used Tumblr since 2011. But I wanted the blog posts in Markdown so that I could use a static blog generator. I ultimately wrote my own static blog generator, [sky][sky]. But you can use this to dump your Tumblr blog and use any Markdown static blog generator that you like.\n\n\nRequirements\n------------\n\nYou must have [pandoc](http://johnmacfarlane.net/pandoc/) installed. Get it here: http://code.google.com/p/pandoc/downloads/list\n\n\nInstallation\n------------\n\nYou\'ll need to install Node.js. You can get it here: http://nodejs.org/download/\n\n    npm install -g sky-tumblr-export\n\n\nCLI\n---\n\n    \n    Usage: sky-tumblr-export [options]\n\n    Options:\n\n      -h, --help          output usage information\n      -V, --version       output the version number\n      -u, --url [url]     REQUIRED. The url of the Tumblr blog.\n      -d, --dir <dir>     The directory to dump the files. Default is the current directory.\n      --api-key <apikey>  The API key. Optional.\n\n\n\nExample\n------\n\n    sky-tumblr-export -u techneur.com -d /tmp/techneur\n\n### Results: ###\n\n    ├── 2010\n    │   ├── 02\n    │   │   ├── entrepreneurial-heroes.md\n    │   │   ├── inspiration-perishable.md\n    │   │   └── meeting-deadlines.md\n    │   ├── 03\n    │   │   ├── 2-apps-are-better-than-1.md\n    │   │   ├── iphone-company-struggle-1.md\n    │   │   ├── iphone-company-struggle-2.md\n    │   │   ├── its-all-our-fault-why-building-a-business-on-the.md\n    │   │   └── social-media-not-about-you.md\n    │   ├── 04\n    │   │   ├── 5-common-english-errors.md\n    │   │   ├── apples-walled-garden-iads-and-html5.md\n    │   │   ├── best-customer-word.md\n    │   │   ├── business-marriage.md\n    │   │   ├── dont-have-the-time.md\n    │   │   ├── family-number-one.md\n    │   │   ├── finest-way-to-succeed.md\n    │   │   ├── five-products-life-easier.md\n    │   │   ├── how-bad-do-you-want-it.md\n    │   │   ├── iads-secret-sauce-how-apples-recipe-will-cause-a.md\n    │   │   ├── ipad-smart-monkey.md\n    │   │   ├── it-shouldnt-be-that-hard-right.md\n    │   │   ├── rework.md\n    │   │   ├── the-best-exercise-any-entrepreneur-can-do.md\n    │   │   └── we-have-a-duty.md\n    │   ├── 05\n    │   │   ├── 1-head-is-better-than-2-or-3-or-4-or-etc.md\n    │   │   ├── addicted-to-repetition.md\n    │   │   ├── admirable-simplicity.md\n    │   │   ├── announcing-mindspread.md\n    │   │   ├── business-cards.md\n    │   │   ├── business-personality.md\n    │   │   ├── detoxify-your-life.md\n    │   │   ├── dont-assume-negative.md\n    │   │   ├── everyday-stories.md\n    │   │   ├── hey-taco-johns-go-f-ck-yourselves-a-failure-to.md\n    │   │   ├── idea-sucks.md\n    │   │   ├── inspiration-is-not-perishable.md\n    │   │   ├── learning-pains.md\n    │   │   ├── legacy-is-not-purpose.md\n    │   │   ├── less-consumption-more-production.md\n    │   │   ├── man-no-arms-no-legs-teach-success.md\n    │   │   ├── patience-success-takes-years.md\n    │   │   ├── quibids-new-pet-rock.md\n    │   │   ├── sport-of-business.md\n    │   │   ├── time-to-get-scrappy.md\n    │   │   └── two-second-rule.md\n    │   ├── 06\n    │   │   ├── be-exceptional-and-people-will-market-for-you.md\n    │   │   ├── beware-anecdotes.md\n    │   │   ├── big-omaha-2010.md\n    │   │   ├── compete-on-high-touch.md\n    │   │   ├── delivering-happiness-review.md\n    │   │   ├── embrace-discomfort.md\n    │   │   ├── game-mechanics-web-app.md\n    │   │   ├── how-to-make-your-meetings-10x-more-efficient.md\n    │   │   ├── if-only.md\n    │   │   ├── is-it-actionable-no-then-get-rid-of-it.md\n    │   │   ├── just-be-yourself.md\n    │   │   ├── microsoft-interview-design-a-kitchen.md\n    │   │   ├── mvp-galls-law.md\n    │   │   ├── my-son-saved-me-from-complacency.md\n    │   │   ├── project-managers-are-from-imaginationland.md\n    │   │   ├── software-as-a-vision.md\n    │   │   ├── steve-jobs-henry-ford.md\n    │   │   ├── time-to-quit-your-job-fight-for-flight-2-of-3.md\n    │   │   ├── time-to-quit-your-job-leveraging-the-internet-for.md\n    │   │   ├── time-to-quit-your-job-the-motivation-part-1-of-3.md\n    │   │   └── too-many-mind-how-your-cell-phone-can-cost-you-the.md\n    │   ├── 07\n    │   │   ├── a-crappy-vision-is-better-than-lack-of-vision.md\n    │   │   ├── a-pessimist-presupposes-failure-an-optimist.md\n    │   │   ├── difficult-conversation-failed-customer-interaction-later.md\n    │   │   ├── disconnect-to-recharge.md\n    │   │   ├── facebook-connects-us-and-disconnects-us.md\n    │   │   ├── focus-on-your-customers-and-the-money-will-follow.md\n    │   │   ├── give-your-customers-a-story-to-tell.md\n    │   │   ├── how-i-got-back-my-mojo.md\n    │   │   ├── leverage-simplicity-and-the-desire-for-information.md\n    │   │   ├── leveraging-social-capital-eight-circle-of-hell.md\n    │   │   ├── managing-up-you-dont-work-in-a-vacuum.md\n    │   │   ├── relationships-resumes.md\n    │   │   ├── the-dream-gurbaksh-chahal.md\n    │   │   ├── use-a-weakness-to-develop-a-strength.md\n    │   │   ├── what-monopoly-can-teach-us-about-business.md\n    │   │   ├── which-is-better-the-journey-or-the-destination.md\n    │   │   ├── will-touchscreen-kill-the-mouse-star.md\n    │   │   ├── winning-isnt-everything-its-the-only-thing.md\n    │   │   ├── wow-youve-changed.md\n    │   │   ├── you-cant-fake-passion.md\n    │   │   └── your-call-is-important-to-us.md\n    │   ├── 08\n    │   │   ├── 100th-post.md\n    │   │   ├── better-is-the-enemy-of-good-enough.md\n    │   │   ├── curlys-law.md\n    │   │   ├── death-of-books.md\n    │   │   ├── discipline-is-the-strength-to-do-things-that-will-make.md\n    │   │   ├── goodbye-dj-explode.md\n    │   │   ├── google-wave-post-mortem-what-entrepreneurs-can-learn.md\n    │   │   ├── jack-sparrow-teach-us-about-entrepreneurship.md\n    │   │   ├── learning-pains-ii.md\n    │   │   ├── loyalty.md\n    │   │   ├── luck.md\n    │   │   ├── pointing-the-finger-rarely-solves-problems.md\n    │   │   ├── scale-to-your-customers-budget-the-opposite-approach.md\n    │   │   ├── selling-is-all-about-relationships.md\n    │   │   ├── so-you-want-to-become-rich.md\n    │   │   ├── steve-jobs-lesson-on-marketing-values-and-belief.md\n    │   │   ├── the-startup-idea-filter.md\n    │   │   ├── the-trap-is-your-mind.md\n    │   │   ├── what-would-motivate-you-to-use-mindspread.md\n    │   │   ├── work-hard-play-hard.md\n    │   │   └── work-until-your-eyes-bleed.md\n    │   ├── 09\n    │   │   ├── 10-things-ive-learned-about-the-android-market.md\n    │   │   ├── always-build-equity-what-you-can-learn-from-a-pick-up.md\n    │   │   ├── apples-new-app-store-guidelines-and-what-they-mean-to.md\n    │   │   ├── are-you-a-commodity-foursquare-facebook-location.md\n    │   │   ├── commitment-vs-involvement.md\n    │   │   ├── deliver-polish-over-features.md\n    │   │   ├── distractions-are-the-bane-of-productivity.md\n    │   │   ├── entrepreneurship-no-rulebook.md\n    │   │   ├── go-web-or-go-home-5-reasons-to-take-your-app-to-the.md\n    │   │   ├── its-who-you-know.md\n    │   │   ├── kevin-rose-took-a-risk-and-failed.md\n    │   │   ├── let-your-customers-determine-your-priority.md\n    │   │   ├── mobile-platform-madness-apple-vs-google.md\n    │   │   ├── resilience-its-not-how-hard-you-hit-its-how-hard.md\n    │   │   ├── solve-your-own-problem.md\n    │   │   ├── traction-and-growth-sports-fan-apps.md\n    │   │   └── what-mr-tibbles-can-teach-you-about-game-mechanicst.md\n    │   ├── 10\n    │   │   ├── 40-hours-is-breaking-even.md\n    │   │   ├── a-message-to-capital-one-and-other-companies-who-sell.md\n    │   │   ├── a-wise-man-learns-from-the-experience-of-others.md\n    │   │   ├── announcing-tribal-fan.md\n    │   │   ├── apple-sucks-at-upgrades.md\n    │   │   ├── be-2nd-to-the-market-and-deliver-the-wow.md\n    │   │   ├── build-a-lifestyle-business-or-build-a-social-empire.md\n    │   │   ├── change-the-world.md\n    │   │   ├── luck-ii.md\n    │   │   ├── moving-and-minimalism.md\n    │   │   ├── prison-and-taking-things-for-granted.md\n    │   │   └── sometimes-completing-a-project-is-better-than-anything.md\n    │   ├── 11\n    │   │   ├── a-case-for-minimalism.md\n    │   │   ├── build-successful-business-app-store.md\n    │   │   ├── change-the-world-one-day-at-a-time-lets-help.md\n    │   │   ├── changing-schedules-can-force-productivity.md\n    │   │   ├── luck-surface-area.md\n    │   │   ├── social-media-and-priorities.md\n    │   │   ├── the-power-of-the-apology.md\n    │   │   ├── things-that-stimulate-your-mind.md\n    │   │   └── thorn-in-your-side.md\n    │   └── 12\n    │       ├── dont-listen-to-the-techies-embrace-chrome-os.md\n    │       ├── fear-of-producing-crap.md\n    │       ├── regret-minimization-framework.md\n    │       ├── start-with-a-vision.md\n    │       ├── the-internet-is-too-strong.md\n    │       └── yes-i-really-do-want-one-million-dollars.md\n    ├── 2011\n    │   ├── 01\n    │   │   ├── 500-revenue-growth-in-2010.md\n    │   │   ├── become-master-of-metaphors.md\n    │   │   ├── eric-schmidt-and-the-google-triumvirate.md\n    │   │   ├── great-artists-simplify.md\n    │   │   ├── i-will-write-an-ebook.md\n    │   │   ├── large-iterations-slow-momentum.md\n    │   │   ├── make-small-deposits-into-the-bank-of-success.md\n    │   │   ├── negativity-fear-and-the-lizard-brain.md\n    │   │   ├── positivity-breeds-positivity.md\n    │   │   ├── procrastination-is-the-thief-of-time.md\n    │   │   ├── review-of-the-google-cr-48-chrome-netbook.md\n    │   │   ├── starting-a-software-business-and-finding-a-niche-market.md\n    │   │   ├── timely-correspondence.md\n    │   │   └── why-are-so-many-logos-blue.md\n    │   ├── 02\n    │   │   ├── consider-customer-motivations.md\n    │   │   ├── customers-demand-native-for-mobile-apps.md\n    │   │   ├── dont-let-brain-prevent-your-goals.md\n    │   │   ├── fight-the-man-by-building-self-reliance.md\n    │   │   ├── legacy-is-greater-than-currency.md\n    │   │   ├── pay-per-check-in-adsense-in-the-real-world.md\n    │   │   ├── sports-fans-and-identities.md\n    │   │   ├── the-success-formula-of-angry-birds.md\n    │   │   ├── to-stand-out-you-must-dazzle-your-customers.md\n    │   │   ├── unmotivated-get-some-layups.md\n    │   │   ├── what-if-tumblr-tumbles-interested-in-a-tumblr-backup.md\n    │   │   └── your-language-to-your-customers.md\n    │   ├── 03\n    │   │   ├── 51-hours-to-live.md\n    │   │   ├── a-real-mvp-tale.md\n    │   │   ├── diversify-income-streams.md\n    │   │   ├── life-is-about-maximizing-the-happiness-function.md\n    │   │   ├── not-the-entrepreneurs-manifesto.md\n    │   │   ├── the-two-device-productivity-solution.md\n    │   │   ├── what-the-successful-will-do-that-you-wont.md\n    │   │   └── you-need-an-emergency-fund.md\n    │   ├── 04\n    │   │   ├── fear-and-loved-ones.md\n    │   │   ├── fight-the-rewrite.md\n    │   │   ├── literature-and-life.md\n    │   │   ├── metaphors-and-marketing.md\n    │   │   └── on-this-day.md\n    │   ├── 07\n    │   │   ├── im-back.md\n    │   │   └── victory-for-the-nerds-a-tale-of-recovering-a-stolen.md\n    │   ├── 08\n    │   │   ├── big-success-requires-accomplishing-small-goals.md\n    │   │   ├── forget-the-shiny-tech-focus-on-the-customer-experience.md\n    │   │   ├── restaurant-industry-teach-business-customer-expectations.md\n    │   │   ├── saddened-by-steves-departure.md\n    │   │   ├── sometimes-it-doesnt-matter-what-the-contract-states.md\n    │   │   ├── what-does-your-app-do-again.md\n    │   │   └── youre-only-as-good-as-your-word.md\n    │   ├── 09\n    │   │   ├── do-or-do-not-there-is-no-try.md\n    │   │   └── we-should.md\n    │   ├── 10\n    │   │   └── steve-jobs-1955-2011-sharing-his-message.md\n    │   └── 11\n    │       └── steve-jobs-biography-insanely-great.md\n    └── sky\n        └── config.json\n\n\nContributors\n------------\n\n* [JP Richardson](http://github.com/jprichardson)\n* [Adam Brault](http://github.com/adambrault)\n\n\nLicense\n-------\n\n(MIT License)\n\nCopyright 2013, JP Richardson  <jprichardson@gmail.com>\n\n\n[sky]: https://github.com/skywrite\n',
97 silly resolved     readmeFilename: 'README.md',
97 silly resolved     bugs: { url: 'https://github.com/skywrite/sky-tumblr-export/issues' },
97 silly resolved     _id: 'sky-tumblr-export@0.2.0',
97 silly resolved     dist: { shasum: '1db3dc817df21adb41d7dacaba96d9070064c5d1' },
97 silly resolved     _from: 'sky-tumblr-export@',
97 silly resolved     _resolved: 'https://registry.npmjs.org/sky-tumblr-export/-/sky-tumblr-export-0.2.0.tgz' } ]
98 info install sky-tumblr-export@0.2.0 into /usr/local/lib
99 info installOne sky-tumblr-export@0.2.0
100 info /usr/local/lib/node_modules/sky-tumblr-export unbuild
101 verbose tar unpack /Users/Jacob/.npm/sky-tumblr-export/0.2.0/package.tgz
102 silly lockFile f3243117-b-node-modules-sky-tumblr-export tar:///usr/local/lib/node_modules/sky-tumblr-export
103 verbose lock tar:///usr/local/lib/node_modules/sky-tumblr-export /Users/Jacob/.npm/f3243117-b-node-modules-sky-tumblr-export.lock
104 silly lockFile d4ab6e68--tumblr-export-0-2-0-package-tgz tar:///Users/Jacob/.npm/sky-tumblr-export/0.2.0/package.tgz
105 verbose lock tar:///Users/Jacob/.npm/sky-tumblr-export/0.2.0/package.tgz /Users/Jacob/.npm/d4ab6e68--tumblr-export-0-2-0-package-tgz.lock
106 silly gunzTarPerm modes [ '755', '644' ]
107 error Error: EACCES, mkdir '/usr/local/lib/node_modules/sky-tumblr-export'
107 error  { [Error: EACCES, mkdir '/usr/local/lib/node_modules/sky-tumblr-export']
107 error   errno: 3,
107 error   code: 'EACCES',
107 error   path: '/usr/local/lib/node_modules/sky-tumblr-export',
107 error   fstream_type: 'Directory',
107 error   fstream_path: '/usr/local/lib/node_modules/sky-tumblr-export',
107 error   fstream_class: 'DirWriter',
107 error   fstream_stack:
107 error    [ '/usr/local/lib/node_modules/npm/node_modules/fstream/lib/dir-writer.js:36:23',
107 error      '/usr/local/lib/node_modules/npm/node_modules/mkdirp/index.js:37:53',
107 error      'Object.oncomplete (fs.js:107:15)' ] }
108 error Please try running this command again as root/Administrator.
109 error System Darwin 13.0.0
110 error command "node" "/usr/local/bin/npm" "install" "-g" "sky-tumblr-export"
111 error cwd /Users/Jacob/Desktop/GitHub/Blog
112 error node -v v0.10.16
113 error npm -v 1.3.8
114 error path /usr/local/lib/node_modules/sky-tumblr-export
115 error fstream_path /usr/local/lib/node_modules/sky-tumblr-export
116 error fstream_type Directory
117 error fstream_class DirWriter
118 error code EACCES
119 error errno 3
120 error stack Error: EACCES, mkdir '/usr/local/lib/node_modules/sky-tumblr-export'
121 error fstream_stack /usr/local/lib/node_modules/npm/node_modules/fstream/lib/dir-writer.js:36:23
121 error fstream_stack /usr/local/lib/node_modules/npm/node_modules/mkdirp/index.js:37:53
121 error fstream_stack Object.oncomplete (fs.js:107:15)
122 verbose exit [ 3, true ]
